Address LAHDEN MOOTTORITIE                       changed into LAHDENVÄYLÄ
Address LAHDEN MOOTTORITIE                       changed into LAHDENVÄYLÄ
Address LAHDENVÄYLÄ X KEHÄ III                   changed into KEHÄ 3
Address TUUSULANTIE X KEHÄ I, KAISTAT POHJOISEEN changed into KEHÄ 1
Address KEHÄ III                                 changed into KEHÄ 3
Address KEHÄ III                                 changed into KEHÄ 3
Address KEHÄ I                                   changed into KEHÄ 1
Address KEHÄ I                                   changed into KEHÄ 1
Address KEHÄ I                                   changed into KEHÄ 1
Address KEHÄ I                                   changed into KEHÄ 1
Address KEHÄ I LÄNTEEN                           changed into KEHÄ 1
Address KEHÄ I                                   changed into KEHÄ 1
Address KEHÄ I X TUUSULANVÄYLÄ                   changed into KEHÄ 1
Address KEHÄ I X TUUSULANVÄYLÄ                   changed into KEHÄ 1
Address KEHÄ I X TUUSULANVÄYLÄ                   changed into KEHÄ 1
Address KEHÄ I LÄNTENNPÄIN                       changed into KEHÄ 1
Address KEHÄ I ITÄÄN                             changed into KEHÄ 1
Address KEHÄ I SEPPÄMESTARINTIE X LAHDENVÄYLÄ    changed into KEHÄ 1
Address KEHÄ I ITÄÄN X KONTULANTIE               changed into KEHÄ 1
Address KEHÄ I X KONTULANTIE                     changed into KEHÄ 1
Address KEHÄ I ITÄÄN                             changed into KEHÄ 1
Address KEHÄ I X MYLLYPURON TIE                  changed into KEHÄ 1
Address KEHÄ I                                   changed into KEHÄ 1
Address KEHÄ I MUURIMESTARINTIE X HÄMEENVÄYLÄ    changed into KEHÄ 1
Address KAARELANTIE KEHÄ I                       changed into KEHÄ 1
Address KEHÄ I                                   changed into KEHÄ 1
Address KEHÄ I                                   changed into KEHÄ 1
Address LAHDEN MOOTTORITIEN RAMPPI KOSKELANTIE   changed into LAHDENVÄYLÄ
Address LAHDEN VÄYLÄ X KEHÄ I                    changed into KEHÄ 1
Address KEHÄ I                                   changed into KEHÄ 1
Address MALMINKAARIXKEHÄ I LIITTYMÄ ITÄÄN        changed into KEHÄ 1
Address KEHÄ I, MALMIN RAMPPI LÄNTEEN            changed into KEHÄ 1
Address SEPPÄMESTARINTIE (KEHÄ I)                changed into KEHÄ 1
Address KEHÄ I                                   changed into KEHÄ 1
Address KEHÄ I X HÄMEENLINNANVÄYLÄ               changed into KEHÄ 1
Address KEHÄ I X HÄMEENLINNANVÄYLÄ               changed into KEHÄ 1
Address LAHDENVÄYLÄ ETELÄÄN KEHÄ III JA KEHÄ I   changed into KEHÄ 3
Address KEHÄ I X TUUSULANVÄYLÄ                   changed into KEHÄ 1
Address TIKKURITIE X KEHÄ III                    changed into KEHÄ 3
Address KEHÄ III                                 changed into KEHÄ 3
Address KEHÄ III LÄNTEEN / KUNINKAALA            changed into KEHÄ 3
Address KEHÄ III                                 changed into KEHÄ 3
Address KEHÄ I X VIHDINTIE                       changed into KEHÄ 1
Address KEHÄ I                                   changed into KEHÄ 1
Address KEHÄ I (VIHDINTIEN KOHDALLA)             changed into KEHÄ 1
Address KEHÄ I, KANNELMÄKI                       changed into KEHÄ 1
Address KEHÄ I ( LÄNTEEN KANNELMÄEN KOHDALLA)    changed into KEHÄ 1
Address KEHÄ I                                   changed into KEHÄ 1
Address KEHÄ I (KANNELMÄKI)                      changed into KEHÄ 1
Address KEHÄ I LÄNTEEN / HÄMEENLINNANVÄYLÄ       changed into KEHÄ 1
Address KEHÄ I                                   changed into KEHÄ 1
Address KEHÄ I                                   changed into KEHÄ 1
Address KEHÄ I                                   changed into KEHÄ 1
Address KEHÄ I X TUUSULAN VÄYLÄ                  changed into KEHÄ 1
Address KEHÄ I ITÄÄN (OULUNKYLÄN KOHDILLA)       changed into KEHÄ 1
Address KEHÄ I                                   changed into KEHÄ 1
Address KEHÄ I                                   changed into KEHÄ 1
Address KEHÄ I                                   changed into KEHÄ 1
Address KEHÄ I                                   changed into KEHÄ 1
Address KEHÄ I, MALMIN JA LAHDENVÄYLÄN VÄLISSÄ   changed into KEHÄ 1
Address SEPPÄMESTARINTIE KEHÄ I                  changed into KEHÄ 1
Address KEHÄ I MYLLYMESTARINTIE KIVIKKO          changed into KEHÄ 1
Address KEHÄ I X TURUNLINNANTIE                  changed into KEHÄ 1
Address MYLLYMETARINTIE KEHÄ I                   changed into KEHÄ 1
Address KEHÄ I X TURUNLINNANTIE                  changed into KEHÄ 1
Address KEHÄ I X ITÄKATU                         changed into KEHÄ 1
Address ITÄKATU X KEHÄ I                         changed into KEHÄ 1
Address MYLLYMESTARINTIE KEHÄ I                  changed into KEHÄ 1
Address VIHDINTIE X KEHÄ I                       changed into KEHÄ 1
Address ITÄVÄYLÄ X KEHÄ I                        changed into KEHÄ 1
Address HÄMEENLINNANVÄYLÄ X KEHÄ I               changed into KEHÄ 1
Address KEHÄ I X LAHDENVÄYLÄ                     changed into KEHÄ 1
Address KEHÄ I X LAHDENVÄYLÄ                     changed into KEHÄ 1
Address LAHDENVÄYLÄ X MYLLYMESTARINTIE (KEHÄ I)  changed into KEHÄ 1
Address LAHDENVÄYLÄ + KEHÄ III                   changed into KEHÄ 3
Address TIKKURITIE X KEHÄ III                    changed into KEHÄ 3
Address SUUTARILANTIE X KEHÄ III RAMPPI          changed into KEHÄ 3
Address VIHDINTIE X KEHÄ I                       changed into KEHÄ 1
Address KEHÄ I, PUKINMÄKI                        changed into KEHÄ 1
Address TIE 101, KEHÄ I changed into KEHÄ 1
Address KEHÄ I X PIHLAJAMÄENTIE                  changed into KEHÄ 1
Address PIHLAJAMÄENTIE X KEHÄ I ITÄÄN            changed into KEHÄ 1
Address HÄMEENLINNANVÄYLÄ X KEHÄ I               changed into KEHÄ 1
Address LAHDENVÄYLÄ X KEHÄ I                     changed into KEHÄ 1
Address TUUSULANVÄYLÄ X KEHÄ I                   changed into KEHÄ 1
Address KEHÄ III ITÄÄN                           changed into KEHÄ 3
Address KEHÄ III+HEIDEHOFINTIE RAMPPI            changed into KEHÄ 3
Address KEHÄ I X KONALANTIE                      changed into KEHÄ 1
Address MUURIMESTARINTIE (KEHÄ I)                changed into KEHÄ 1
Address KEHÄ I                                   changed into KEHÄ 1
Address KEHÄ I KANNELMÄEN LIITTYMÄN KOHDALLA     changed into KEHÄ 1
Address KEHÄ I HÄMEENLINNAN VÄYLÄN KOHDALLA      changed into KEHÄ 1
Address KEHÄ I X HÄMEENLINNANVÄYLÄ               changed into KEHÄ 1
Address KEHÄ I, KAISTAT LÄNTEEN, KANNELMÄKI      changed into KEHÄ 1
Address KEHÄ I, KANNELMÄEN LIITTYMÄN JÄLKEEN ITÄ changed into KEHÄ 1
Address KEHÄ I X KAARELANVIERTO                  changed into KEHÄ 1
Address KEHÄ I X HÄMEENLINNANVÄYLÄ               changed into KEHÄ 1
Address KEHÄ I, MAUNUNNEVAN KOHDALLA             changed into KEHÄ 1
Address KEHÄ I LÄNTEEN                           changed into KEHÄ 1
Address KEHÄ I                                   changed into KEHÄ 1
Address KEHÄ I                                   changed into KEHÄ 1
Address KEHÄ I LÄNSI-PAKILAN LIITTYMÄN KOHTA     changed into KEHÄ 1
Address KEHÄ I                                   changed into KEHÄ 1
Address KEHÄ I / TUUSULANVÄYLÄ                   changed into KEHÄ 1
Address KEHÄ I ITÄÄN                             changed into KEHÄ 1
Address KEHÄ I                                   changed into KEHÄ 1
Address KEHÄ I MYLLYMESTARINTIE                  changed into KEHÄ 1
Address KONTULANTIE X KEHÄ I                     changed into KEHÄ 1
Address KEHÄ I, MYLLYMESTARINTIE                 changed into KEHÄ 1
Address KEHÄ I, KAISTA LÄNTEEN                   changed into KEHÄ 1
Address MYLLYMESTARINTIE KEHÄ I                  changed into KEHÄ 1
Address KEHÄ I X TURUNLINNANTIE                  changed into KEHÄ 1
Address KEHÄ I X TURUNLINNANTIE                  changed into KEHÄ 1
Address KEHÄ I X TURUNLINNANTIE                  changed into KEHÄ 1
Address ITÄVÄYLÄ X KEHÄ I                        changed into KEHÄ 1
Address VIHDINTIE X KEHÄ I                       changed into KEHÄ 1
Address KEHÄ I X ITÄVÄYLÄ                        changed into KEHÄ 1
Address KEHÄ I X HÄMEENLINNANVÄYLÄ               changed into KEHÄ 1
Address HÄMEENLINNAN VÄYLÄ X KEHÄ I              changed into KEHÄ 1
Address KEHÄ I ITÄÄN LIITTYMÄ TAMPEREELLE        changed into KEHÄ 1
Address KEHÄ I X KAARELANTIE                     changed into KEHÄ 1
Address MALMINKAARI X LIITTYMÄ KEHÄ I:LLE LÄNTEE changed into KEHÄ 1
Address PIHLAJAMÄENTIE X KEHÄ I                  changed into KEHÄ 1
Address PIHLAJAMÄENTIE X KEHÄ I ITÄÄN            changed into KEHÄ 1
Address KONTULANTIE X KEHÄ I                     changed into KEHÄ 1
Address KEHÄ I X TUUSULANVÄYLÄ (RAMPPI HELSINKI) changed into KEHÄ 1
Address LAHDEN MOOTTORITIE X KEHÄ 1 changed into LAHDENVÄYLÄ
Address TIE 45 X KEHÄ I changed into KEHÄ 1
Address KEHÄ III, TIKKURILAN KOHDALLA            changed into KEHÄ 3
Address KEHÄ I KONALA                            changed into KEHÄ 1
Address KEHÄ I LÄNTEEN                           changed into KEHÄ 1
Address KEHÄ I (MUURIMESTARINTIE) LÄNTEEN        changed into KEHÄ 1
Address KEHÄ I                                   changed into KEHÄ 1
Address KEHÄ I LÄNTEEN, TAMPEREEN LIITTYMÄ       changed into KEHÄ 1
Address KEHÄ I                                   changed into KEHÄ 1
Address KEHÄ I (LÄNTEEN)                         changed into KEHÄ 1
Address KEHÄ I, KAISTAT ITÄÄN, PAKILAN LIITTYMÄ  changed into KEHÄ 1
Address KEHÄ I                                   changed into KEHÄ 1
Address KEHÄ I LÄNTEEN                           changed into KEHÄ 1
Address KEHÄ I X TUUSULANVÄYLÄ                   changed into KEHÄ 1
Address KEHÄ I, SEPPÄMESTARINTIE                 changed into KEHÄ 1
Address KEHÄ I, SEPPÄMESTARINTIE                 changed into KEHÄ 1
Address SEPPÄMESTARINTIE KEHÄ I                  changed into KEHÄ 1
Address MYLLYMESTARINTIE KEHÄ I                  changed into KEHÄ 1
Address MYLLYMESTARINTIE (KEHÄ I) ITÄÄN VIIKKI   changed into KEHÄ 1
Address KEHÄ I                                   changed into KEHÄ 1
Address KEHÄ I                                   changed into KEHÄ 1
Address KEHÄ I X LALLUKANTIE                     changed into KEHÄ 1
Address MYLYLMESTARINTIE KEHÄ I                  changed into KEHÄ 1
Address KEHÄ I                                   changed into KEHÄ 1
Address MYLLYMESTARINTIE KEHÄ I                  changed into KEHÄ 1
Address KEHÄ I X ITÄKATU                         changed into KEHÄ 1
Address KEHÄ I                                   changed into KEHÄ 1
Address ITÄVÄYLÄ X KEHÄ I                        changed into KEHÄ 1
Address VIHDINTIE X KEHÄ I                       changed into KEHÄ 1
Address VIHDINTIE X KEHÄ I                       changed into KEHÄ 1
Address VIHDINTIE X KEHÄ I                       changed into KEHÄ 1
Address HÄMEENLINNAN VÄYLÄ X KEHÄ I              changed into KEHÄ 1
Address KEHÄ I X HÄMEENLINNANVÄYLÄ               changed into KEHÄ 1
Address KEHÄ I, PIRKKOLAN LIITTYMÄ               changed into KEHÄ 1
Address KEHÄ I (LIITTYMÄ HÄMEENLINNANVÄYLÄLLE)   changed into KEHÄ 1
Address KOSKELANTIE X LAHDEN MOOTTORITIE         changed into LAHDENVÄYLÄ
Address SUUTARILANTIE X KEHÄ III                 changed into KEHÄ 3
Address KEHÄ I X VIHDINTIE                       changed into KEHÄ 1
Address VIHDINTIE X KEHÄ I                       changed into KEHÄ 1
Address KEHÄ I RAMPPI PUKINMÄKEEN                changed into KEHÄ 1
Address VANHA HELSINGINTIE X KEHÄ I LÄNTEEN      changed into KEHÄ 1
Address KEHÄ I ITÄÄN, MALMIN LIITTYMÄ            changed into KEHÄ 1
Address KONTULANTIE X KEHÄ I LÄNTEEN RAMPPI      changed into KEHÄ 1
Address TUUSULANVÄYLÄ X KEHÄ I                   changed into KEHÄ 1
Address KEHÄ I X TUUSULANVÄYLÄ                   changed into KEHÄ 1
Address KEHÄ I X TUUSULANVÄYLÄ                   changed into KEHÄ 1
Address KEHÄ I X HÄMEENLINNANVÄYLÄ               changed into KEHÄ 1
Address HÄMEENLINNANVÄYLÄ X KEHÄ I               changed into KEHÄ 1
Address KEHÄ I                                   changed into KEHÄ 1
Address KEHÄ I                                   changed into KEHÄ 1
Address MUURIMESTARINTIE / KEHÄ I KAISTAT ITÄÄN  changed into KEHÄ 1
Address KEHÄ I ITÄÄN, KANNELMÄKI                 changed into KEHÄ 1
Address KEHÄ I LÄNTEEN                           changed into KEHÄ 1
Address KEHÄ I                                   changed into KEHÄ 1
Address MUURIMESTARINTIE, KEHÄ I,KAISTAT LÄNTEEN changed into KEHÄ 1
Address KEHÄ I ITÄÄN                             changed into KEHÄ 1
Address KEHÄ I                                   changed into KEHÄ 1
Address MUURIMESTARINTIE KEHÄ I                  changed into KEHÄ 1
Address KEHÄ I                                   changed into KEHÄ 1
Address MUURIMESTARINTIE, KEHÄ I                 changed into KEHÄ 1
Address KEHÄ I                                   changed into KEHÄ 1
Address SEPPÄMESTARINTIE (KEHÄ I) ITÄÄN, MALMI   changed into KEHÄ 1
Address KEHÄ I (MALMIN HAUTAUSMAA)               changed into KEHÄ 1
Address MYLLYMESTARINTIE KEHÄ I KIVIKONLAITA     changed into KEHÄ 1
Address KEHÄ I                                   changed into KEHÄ 1
Address KEHÄ I ITÄÄN                             changed into KEHÄ 1
Address KEHÄ I, MYLLYMESTARINTIE                 changed into KEHÄ 1
Address KEHÄ I KANNELMÄKI                        changed into KEHÄ 1
Address LAHDENVÄYLÄ X KEHÄ I ITÄÄN               changed into KEHÄ 1
Address SUUTARILANTIE X KEHÄ III                 changed into KEHÄ 3
Address SUUTARILANTIE X KEHÄ III ITÄÄN           changed into KEHÄ 3
Address VIHDINTIE X KEHÄ I                       changed into KEHÄ 1
Address MUURIMESTARINTIE (KEHÄ I) ITÄÄN PAKILA   changed into KEHÄ 1
Address KEHÄ I X PIHLAJANMÄENTIE                 changed into KEHÄ 1
Address TIE 45 KAISTAT ETELÄÄN KEHÄ I RAMPPI changed into KEHÄ 1
Address KEHÄ I                                   changed into KEHÄ 1
Address ALA-TIKKURILANTIE X KEHÄ III             changed into KEHÄ 3
Address KEHÄ III X TIKKURITIE                    changed into KEHÄ 3
Address KEHÄ I KONALA ITÄÄN                      changed into KEHÄ 1
Address KEHÄ I ITÄÄN                             changed into KEHÄ 1
Address KEHÄ I X VIHDINTIE                       changed into KEHÄ 1
Address VIHDINTIE X KEHÄ I                       changed into KEHÄ 1
Address KEHÄ I KANNELMÄKI                        changed into KEHÄ 1
Address KEHÄ I                                   changed into KEHÄ 1
Address KEHÄ I ITÄÄN                             changed into KEHÄ 1
Address MUURIMESTARINTIE (KEHÄ I)                changed into KEHÄ 1
Address MUURIMESTARINTIE (KEHÄ I) ITÄÄN KANNELMÄ changed into KEHÄ 1
Address KEHÄ I                                   changed into KEHÄ 1
Address KEHÄ I ITÄÄN (TIE 3 KOHDALLA) changed into KEHÄ 1
Address KEHÄ I X HÄMEENLINNANVÄYLÄ               changed into KEHÄ 1
Address KEHÄ I ITÄÄN X HÄMEENLINNANVÄYLÄ         changed into KEHÄ 1
Address KEHÄ I X HÄMEENLINNAN VÄYLÄ              changed into KEHÄ 1
Address KEHÄ I HÄMEENLINNANVÄYLÄN LIITTYMÄ LÄNSI changed into KEHÄ 1
Address KEHÄ I                                   changed into KEHÄ 1
Address KEHÄ I LÄNTEEN                           changed into KEHÄ 1
Address KEHÄ I, LÄNSI-PAKILAN KOHDALLA           changed into KEHÄ 1
Address KEHÄ I                                   changed into KEHÄ 1
Address KEHÄ I                                   changed into KEHÄ 1
Address KEHÄ I ITÄÄN X MALMI                     changed into KEHÄ 1
Address KEHÄ I                                   changed into KEHÄ 1
Address MYLLYMESTARINTIE, KEHÄ I                 changed into KEHÄ 1
Address MYLLYMESTARINTIE (KEHÄ I, LÄNTEEN)       changed into KEHÄ 1
Address MYLLYMESTARINTIE (KEHÄ I, LÄNTEEN)       changed into KEHÄ 1
Address ITÄVÄYLÄ X MYLLYMESTARINTIE (KEHÄ I)     changed into KEHÄ 1
Address HÄMEENLINNANVÄYLÄ / KEHÄ I               changed into KEHÄ 1
Address KEHÄ I ITÄÄN                             changed into KEHÄ 1
Address KEHÄ I X TIE 4 changed into KEHÄ 1
Address KEHÄ I, LIITTYMÄ LAHDENVÄYLÄLLE          changed into KEHÄ 1
Address KEHÄ I                                   changed into KEHÄ 1
Address VIHDINTIE X KEHÄ I                       changed into KEHÄ 1
Address KEHÄ I  X TUUSULAN VÄYLÄ                 changed into KEHÄ 1
Address KEHÄ I X TUUSULANVÄYLÄ                   changed into KEHÄ 1
Address VANHA HELSINGINTIE X LIITTYMÄ KEHÄ I ITÄ changed into KEHÄ 1
